<?xml version="1.0" encoding="UTF-8"?>
<!-- Generated by org.testng.reporters.JUnitReportReporter -->
<testsuite name="com.hrm.scripts.CreateEmployee" tests="1" time="26.401" ignored="0" failures="0" timestamp="19 Feb 2017 13:30:05 GMT" skipped="0" hostname="Prayank-PC" errors="0">
  <testcase name="testCreateEmployee" time="26.401" classname="com.hrm.scripts.CreateEmployee"/>
</testsuite> <!-- com.hrm.scripts.CreateEmployee -->
