<?xml version="1.0" encoding="UTF-8"?>
<!-- Generated by org.testng.reporters.JUnitReportReporter -->
<testsuite name="com.hrm.scripts.DeleteEmployee" tests="1" time="47.212" ignored="0" failures="0" timestamp="13 Feb 2017 16:01:36 GMT" skipped="0" hostname="Prayank-PC" errors="0">
  <testcase name="testDeleteEmployee" time="47.212" classname="com.hrm.scripts.DeleteEmployee"/>
</testsuite> <!-- com.hrm.scripts.DeleteEmployee -->
